21:27:03 **** Build of configuration Debug for project OS ****
make all 
Building file: ../test.cpp
Invoking: Cross G++ Compiler
g++ -O0 -g3 -Wall -c -fmessage-length=0 -MMD -MP -MF"test.d" -MT"test.o" -o "test.o" "../test.cpp"
Finished building: ../test.cpp
 
Building target: OS
Invoking: Cross G++ Linker
g++  -o "OS"  ./test.o   
Finished building target: OS
 
21:28:59 **** Incremental Build of configuration Debug for project OS ****
make all 
Building target: OS
Invoking: Cross G++ Linker
g++  -o "OS"  ./test.o   
Finished building target: OS
 
21:29:06 **** Incremental Build of configuration Debug for project OS ****
make all 
make: Nothing to be done for `all'.
21:29:26 **** Incremental Build of configuration Debug for project OS ****
make all 
make: Nothing to be done for `all'.
