23:04:00 **** Incremental Build of configuration Debug for project OS ****
make all 
Building file: ../HighLevelScheduler.cpp
Invoking: Cross G++ Compiler
g++ -O0 -g3 -Wall -c -fmessage-length=0 -MMD -MP -MF"HighLevelScheduler.d" -MT"HighLevelScheduler.o" -o "HighLevelScheduler.o" "../HighLevelScheduler.cpp"
In file included from ../HighLevelScheduler.cpp:8:
../HighLevelScheduler.h:17:7: warning: private field 'newJobAdmissionStatus' is not used [-Wunused-private-field]
        bool newJobAdmissionStatus; // Indicates whether a new job will be admitted? (T=Admit, F=No Admit)
             ^
../HighLevelScheduler.h:20:6: warning: private field 'processPriority' is not used [-Wunused-private-field]
        int processPriority; // Process priority
            ^
../HighLevelScheduler.h:21:6: warning: private field 'expectedExecutionTime' is not used [-Wunused-private-field]
        int expectedExecutionTime;// Expected execution time
            ^
../HighLevelScheduler.h:22:6: warning: private field 'processIoLevel' is not used [-Wunused-private-field]
        int processIoLevel; // Integer rating of process's level of I/O utilization
            ^
../HighLevelScheduler.h:23:6: warning: private field 'poolIoLevel' is not used [-Wunused-private-field]
        int poolIoLevel; // Averaged integer rating of entire pool's level of I/O utilization
            ^
../HighLevelScheduler.h:24:6: warning: private field 'poolIoLevels' is not used [-Wunused-private-field]
        int poolIoLevels[100]; //Stores IO rating of each of the potential 100 processes in the pool
            ^
../HighLevelScheduler.h:25:6: warning: private field 'poolCount' is not used [-Wunused-private-field]
        int poolCount; // Number of processes in the pool
            ^
7 warnings generated.
Finished building: ../HighLevelScheduler.cpp
 
Building target: OS
Invoking: Cross G++ Linker
g++  -o "OS"  ./HighLevelScheduler.o ./test.o   
Finished building target: OS
 

23:04:00 Build Finished (took 349ms)

